<?xml version="1.0" encoding="UTF-8"?>
<!-- Generated by org.testng.reporters.JUnitXMLReporter -->
<testsuite hostname="LAPTOP-67VLOGN6" ignored="0" name="Application test 2" tests="2" failures="0" timestamp="16 Jan 2018 03:02:19 GMT" time="0.009" errors="0">
  <testcase name="testMethod1" time="0.001" classname="com.regressionsuite.TestClass2_SuiteDemo"/>
  <testcase name="testMethod2" time="0.0" classname="com.regressionsuite.TestClass2_SuiteDemo"/>
</testsuite> <!-- Application test 2 -->
