<?xml version="1.0" encoding="UTF-8"?>
<!-- Generated by org.testng.reporters.JUnitXMLReporter -->
<testsuite hostname="LAPTOP-67VLOGN6" ignored="2" name="Application test" tests="4" failures="0" timestamp="16 Jan 2018 02:45:29 GMT" time="0.028" errors="0">
  <testcase name="testMethod1" time="0.004" classname="com.regressionsuite.TestClass1_SuiteDemo"/>
  <testcase name="testMethod2" time="0.001" classname="com.regressionsuite.TestClass1_SuiteDemo"/>
  <testcase name="testMethod1" time="0.001" classname="com.regressionsuite.TestClass2_SuiteDemo"/>
  <testcase name="testMethod2" time="0.001" classname="com.regressionsuite.TestClass2_SuiteDemo"/>
  <testcase name="@AfterSuite afterSuite" time="0.0" classname="com.base.BaseTestSuite">
    <ignored/>
  </testcase> <!-- @AfterSuite afterSuite -->
  <testcase name="@BeforeSuite beforeSuite" time="0.0" classname="com.base.BaseTestSuite">
    <ignored/>
  </testcase> <!-- @BeforeSuite beforeSuite -->
</testsuite> <!-- Application test -->
