<?xml version="1.0" encoding="UTF-8"?>
<!-- Generated by org.testng.reporters.JUnitXMLReporter -->
<testsuite hostname="LAPTOP-67VLOGN6" ignored="0" name="test 1" tests="4" failures="0" timestamp="18 Jan 2018 03:23:45 GMT" time="0.032" errors="0">
  <testcase name="testMethod1" time="0.007" classname="com.testcases.PreserveClass1"/>
  <testcase name="testMethod2" time="0.002" classname="com.testcases.PreserveClass1"/>
  <testcase name="testMethod1" time="0.002" classname="com.testcases.PreserveClass2"/>
  <testcase name="testMethod2" time="0.001" classname="com.testcases.PreserveClass2"/>
</testsuite> <!-- test 1 -->
