<?xml version="1.0" encoding="UTF-8"?>
<testng-results skipped="0" failed="0" ignored="0" total="1" passed="1">
  <reporter-output>
  </reporter-output>
  <suite name="Default suite" duration-ms="38" started-at="2018-03-23T04:53:39Z" finished-at="2018-03-23T04:53:40Z">
    <groups>
    </groups>
    <test name="Default test" duration-ms="38" started-at="2018-03-23T04:53:39Z" finished-at="2018-03-23T04:53:40Z">
      <class name="com.database.DatabaseTestingDemo">
        <test-method status="PASS" signature="beforeClass()[pri:0, instance:com.database.DatabaseTestingDemo@3c756e4d]" name="beforeClass" is-config="true" duration-ms="0" started-at="2018-03-23T10:23:40Z" finished-at="2018-03-23T10:23:40Z">
          <reporter-output>
          </reporter-output>
        </test-method> <!-- beforeClass -->
        <test-method status="PASS" signature="test()[pri:0, instance:com.database.DatabaseTestingDemo@3c756e4d]" name="test" duration-ms="4" started-at="2018-03-23T10:23:40Z" finished-at="2018-03-23T10:23:40Z">
          <reporter-output>
          </reporter-output>
        </test-method> <!-- test -->
        <test-method status="PASS" signature="afterClass()[pri:0, instance:com.database.DatabaseTestingDemo@3c756e4d]" name="afterClass" is-config="true" duration-ms="0" started-at="2018-03-23T10:23:40Z" finished-at="2018-03-23T10:23:40Z">
          <reporter-output>
          </reporter-output>
        </test-method> <!-- afterClass -->
      </class> <!-- com.database.DatabaseTestingDemo -->
    </test> <!-- Default test -->
  </suite> <!-- Default suite -->
</testng-results>
