<?xml version="1.0" encoding="UTF-8"?>
<!-- Generated by org.testng.reporters.JUnitXMLReporter -->
<testsuite hostname="LAPTOP-67VLOGN6" ignored="0" name="Application Test 1" tests="2" failures="1" timestamp="05 Feb 2018 23:45:34 GMT" time="0.032" errors="0">
  <testcase name="testMethod1" time="0.004" classname="com.testcases.ISuiteListener1_Demo"/>
  <testcase name="testMethod2" time="0.0" classname="com.testcases.ISuiteListener1_Demo">
    <failure type="java.lang.AssertionError" message="expected [true] but found [false]">
      <![CDATA[java.lang.AssertionError: expected [true] but found [false]
	at com.testcases.ISuiteListener1_Demo.testMethod2(ISuiteListener1_Demo.java:29)
... Removed 29 stack frames]]>
    </failure>
  </testcase> <!-- testMethod2 -->
</testsuite> <!-- Application Test 1 -->
