<?xml version="1.0" encoding="UTF-8"?>
<!-- Generated by org.testng.reporters.JUnitXMLReporter -->
<testsuite hostname="LAPTOP-67VLOGN6" ignored="0" name="Application Test" tests="3" failures="1" timestamp="06 Feb 2018 03:00:40 GMT" time="0.032" errors="0">
  <testcase name="testMethod2" time="0.0" classname="com.testcases.ReportersAndLogsDemo">
    <failure type="java.lang.AssertionError" message="expected [true] but found [false]">
      <![CDATA[java.lang.AssertionError: expected [true] but found [false]
	at com.testcases.ReportersAndLogsDemo.testMethod2(ReportersAndLogsDemo.java:41)
... Removed 29 stack frames]]>
    </failure>
  </testcase> <!-- testMethod2 -->
  <testcase name="testMethod1" time="0.016" classname="com.testcases.ReportersAndLogsDemo"/>
  <testcase name="testMethod3" time="0.0" classname="com.testcases.ReportersAndLogsDemo">
    <skipped/>
  </testcase> <!-- testMethod3 -->
</testsuite> <!-- Application Test -->
