<?xml version="1.0" encoding="UTF-8"?>
<!-- Generated by org.testng.reporters.JUnitXMLReporter -->
<testsuite hostname="LAPTOP-67VLOGN6" ignored="0" name="Application Test 2" tests="2" failures="1" timestamp="05 Feb 2018 23:45:34 GMT" time="0.013" errors="0">
  <testcase name="testMethod1" time="0.001" classname="com.testcases.ITestListenerDemo"/>
  <testcase name="testMethod2" time="0.001" classname="com.testcases.ITestListenerDemo">
    <failure type="java.lang.AssertionError" message="expected [true] but found [false]">
      <![CDATA[java.lang.AssertionError: expected [true] but found [false]
	at com.testcases.ITestListenerDemo.testMethod2(ITestListenerDemo.java:33)
... Removed 29 stack frames]]>
    </failure>
  </testcase> <!-- testMethod2 -->
</testsuite> <!-- Application Test 2 -->
